{
  "RSpec": {
    "coverage": {
      "/Users/Hyper/GIT/rudeymental/spec/features/homepage_feature_spec.rb": [
        1,
        null,
        1,
        null,
        null,
        1,
        null,
        1,
        1,
        1,
        1,
        1,
        null,
        null,
        1,
        1,
        1,
        1,
        null,
        null,
        null,
        null,
        null,
        1,
        null,
        1,
        1,
        1,
        1,
        1,
        null,
        null,
        1,
        1,
        1,
        1,
        1,
        null,
        null,
        1,
        1,
        1,
        1,
        1,
        null,
        null,
        1,
        1,
        1,
        1,
        1,
        null,
        null,
        1,
        1,
        1,
        1,
        null,
        null,
        null,
        null,
        null,
        null,
        null
      ],
      "/Users/Hyper/GIT/rudeymental/spec/rails_helper.rb": [
        null,
        1,
        1,
        null,
        1,
        1,
        1,
        1,
        null,
        null,
        null,
        null,
        null,
        null,
        null,
        null,
        null,
        null,
        null,
        null,
        null,
        null,
        null,
        null,
        null,
        null,
        null,
        null,
        1,
        null,
        1,
        null,
        1,
        null,
        null,
        null,
        null,
        null,
        1,
        1,
        9,
        9,
        null,
        0,
        null,
        9,
        null,
        null,
        1,
        9,
        null,
        null,
        null,
        null,
        null,
        null,
        null,
        null,
        null,
        null,
        null,
        null,
        null,
        null,
        1,
        null,
        null,
        1,
        null,
        null,
        null,
        1,
        1,
        null,
        1,
        null,
        null,
        null,
        null,
        null,
        null,
        1,
        null,
        null
      ],
      "/Users/Hyper/GIT/rudeymental/config/environment.rb": [
        null,
        1,
        null,
        null,
        1
      ],
      "/Users/Hyper/GIT/rudeymental/config/application.rb": [
        1,
        null,
        1,
        null,
        1,
        1,
        1,
        1,
        1,
        1,
        1,
        null,
        null,
        null,
        null,
        null,
        1,
        null,
        1,
        1,
        null,
        null,
        null,
        null,
        null,
        null,
        null,
        null,
        null,
        null,
        null,
        null,
        null,
        1,
        null,
        null
      ],
      "/Users/Hyper/GIT/rudeymental/config/boot.rb": [
        1,
        null,
        1
      ],
      "/Users/Hyper/GIT/rudeymental/config/environments/test.rb": [
        1,
        null,
        null,
        null,
        null,
        null,
        null,
        1,
        null,
        null,
        null,
        null,
        1,
        null,
        null,
        1,
        1,
        null,
        null,
        1,
        1,
        null,
        null,
        1,
        null,
        null,
        1,
        null,
        null,
        null,
        null,
        1,
        null,
        null,
        1,
        null,
        null,
        1,
        null,
        null,
        null,
        null
      ],
      "/Users/Hyper/GIT/rudeymental/config/initializers/assets.rb": [
        null,
        null,
        null,
        1,
        null,
        null,
        null,
        null,
        null,
        null,
        null
      ],
      "/Users/Hyper/GIT/rudeymental/config/initializers/backtrace_silencers.rb": [
        null,
        null,
        null,
        null,
        null,
        null,
        null
      ],
      "/Users/Hyper/GIT/rudeymental/config/initializers/cookies_serializer.rb": [
        null,
        null,
        1
      ],
      "/Users/Hyper/GIT/rudeymental/config/initializers/filter_parameter_logging.rb": [
        null,
        null,
        null,
        1
      ],
      "/Users/Hyper/GIT/rudeymental/config/initializers/inflections.rb": [
        null,
        null,
        null,
        null,
        null,
        null,
        null,
        null,
        null,
        null,
        null,
        null,
        null,
        null,
        null,
        null
      ],
      "/Users/Hyper/GIT/rudeymental/config/initializers/mime_types.rb": [
        null,
        null,
        null,
        null
      ],
      "/Users/Hyper/GIT/rudeymental/config/initializers/session_store.rb": [
        null,
        null,
        1
      ],
      "/Users/Hyper/GIT/rudeymental/config/initializers/to_time_preserves_timezone.rb": [
        null,
        null,
        null,
        null,
        null,
        null,
        null,
        null,
        null,
        1
      ],
      "/Users/Hyper/GIT/rudeymental/config/initializers/wrap_parameters.rb": [
        null,
        null,
        null,
        null,
        null,
        null,
        1,
        1,
        null,
        null,
        null,
        null,
        null,
        null
      ],
      "/Users/Hyper/GIT/rudeymental/config/routes.rb": [
        1,
        null,
        null,
        null,
        null,
        null,
        null,
        null,
        1,
        null,
        null,
        null,
        null,
        1,
        null,
        null,
        null,
        null,
        null,
        null,
        null,
        null,
        null,
        null,
        null,
        null,
        null,
        null,
        null,
        null,
        null,
        null,
        null,
        null,
        null,
        null,
        null,
        null,
        null,
        null,
        null,
        null,
        null,
        null,
        null,
        null,
        null,
        null,
        null,
        null,
        null,
        null,
        null,
        null,
        null,
        null,
        null,
        null,
        null,
        null,
        null,
        null,
        null,
        null
      ],
      "/Users/Hyper/GIT/rudeymental/app/helpers/application_helper.rb": [
        1,
        null
      ],
      "/Users/Hyper/GIT/rudeymental/app/helpers/cusswords_helper.rb": [
        1,
        null,
        null,
        null
      ],
      "/Users/Hyper/GIT/rudeymental/app/helpers/pages_helper.rb": [
        1,
        null
      ],
      "/Users/Hyper/GIT/rudeymental/spec/units/cussword_spec.rb": [

      ],
      "/Users/Hyper/GIT/rudeymental/spec/units/cusswords_controller_spec.rb": [
        1,
        1,
        null,
        1,
        2,
        null,
        1,
        1,
        1,
        null,
        null,
        null,
        null,
        1,
        1,
        null,
        null,
        null
      ],
      "/Users/Hyper/GIT/rudeymental/app/controllers/cusswords_controller.rb": [
        1,
        1,
        null,
        1,
        null,
        1,
        6,
        6,
        6,
        null,
        null,
        1,
        6,
        null,
        null,
        null,
        null,
        null,
        null
      ],
      "/Users/Hyper/GIT/rudeymental/app/controllers/application_controller.rb": [
        1,
        null,
        null,
        1,
        null
      ],
      "/Users/Hyper/GIT/rudeymental/app/models/cussword.rb": [
        1,
        null,
        null
      ]
    },
    "timestamp": 1496615826
  }
}
